<?xml version="1.0" encoding="UTF-8"?>
<!-- Generated by org.testng.reporters.JUnitReportReporter -->
<testsuite name="FirstApp.com.FirstAPP.Beta_MobileResponsiveApi" tests="1" time="33.092" ignored="0" failures="0" timestamp="28 Aug 2019 08:54:36 GMT" skipped="0" hostname="SYSTEM-C206" errors="0">
  <testcase name="Verify_Beta_MobileResponsiveApi" time="33.092" classname="FirstApp.com.FirstAPP.Beta_MobileResponsiveApi"/>
</testsuite> <!-- FirstApp.com.FirstAPP.Beta_MobileResponsiveApi -->
