<?xml version="1.0" encoding="UTF-8"?>
<!-- Generated by org.testng.reporters.JUnitReportReporter -->
<testsuite name="FirstApp.com.FirstAPP.Beta_Check_Availability_Api" tests="1" time="1.703" ignored="0" failures="0" timestamp="27 Sep 2019 07:35:52 GMT" skipped="0" hostname="SYSTEM-C206" errors="0">
  <testcase name="Verify_Beta_CheckAvailabilityApi" time="1.703" classname="FirstApp.com.FirstAPP.Beta_Check_Availability_Api"/>
</testsuite> <!-- FirstApp.com.FirstAPP.Beta_Check_Availability_Api -->
