<?xml version="1.0" encoding="UTF-8"?>
<!-- Generated by org.testng.reporters.JUnitReportReporter -->
<testsuite name="FirstApp.com.FirstAPP.Beta_Website_Search_chrome" tests="1" time="1.294" ignored="0" failures="0" timestamp="27 Aug 2019 14:09:06 GMT" skipped="0" hostname="SYSTEM-C206" errors="0">
  <testcase name="Verify_Beta_Website_Search_chrome" time="1.294" classname="FirstApp.com.FirstAPP.Beta_Website_Search_chrome"/>
</testsuite> <!-- FirstApp.com.FirstAPP.Beta_Website_Search_chrome -->
