<?xml version="1.0" encoding="UTF-8"?>
<!-- Generated by org.testng.reporters.JUnitReportReporter -->
<testsuite name="FirstApp.com.FirstAPP.Beta_Domain_Details_Api" tests="1" time="1.506" ignored="0" failures="0" timestamp="27 Aug 2019 14:08:15 GMT" skipped="0" hostname="SYSTEM-C206" errors="0">
  <testcase name="Verify_Beta_Domain_Details_Api" time="1.506" classname="FirstApp.com.FirstAPP.Beta_Domain_Details_Api"/>
</testsuite> <!-- FirstApp.com.FirstAPP.Beta_Domain_Details_Api -->
