<?xml version="1.0" encoding="UTF-8"?>
<!-- Generated by org.testng.reporters.JUnitReportReporter -->
<testsuite ignored="0" hostname="SYSTEM-C206" failures="0" tests="1" name="FirstApp.com.FirstAPP.Beta_MobileResponsiveApi" time="28.323" errors="0" timestamp="28 Aug 2019 10:00:48 GMT" skipped="0">
  <testcase classname="FirstApp.com.FirstAPP.Beta_MobileResponsiveApi" name="Verify_Beta_MobileResponsiveApi" time="28.323"/>
</testsuite> <!-- FirstApp.com.FirstAPP.Beta_MobileResponsiveApi -->
